TN:
SF:src\main\LocalConfigService.js
FN:7,(anonymous_0)
FN:17,(anonymous_1)
FN:49,(anonymous_2)
FN:55,(anonymous_3)
FN:61,(anonymous_4)
FN:76,(anonymous_5)
FN:84,(anonymous_6)
FN:88,(anonymous_7)
FN:93,(anonymous_8)
FN:101,(anonymous_9)
FN:114,(anonymous_10)
FN:124,(anonymous_11)
FN:136,(anonymous_12)
FN:148,(anonymous_13)
FN:189,(anonymous_14)
FN:203,(anonymous_15)
FN:276,(anonymous_16)
FNF:17
FNH:0
FNDA:0,(anonymous_0)
FNDA:0,(anonymous_1)
FNDA:0,(anonymous_2)
FNDA:0,(anonymous_3)
FNDA:0,(anonymous_4)
FNDA:0,(anonymous_5)
FNDA:0,(anonymous_6)
FNDA:0,(anonymous_7)
FNDA:0,(anonymous_8)
FNDA:0,(anonymous_9)
FNDA:0,(anonymous_10)
FNDA:0,(anonymous_11)
FNDA:0,(anonymous_12)
FNDA:0,(anonymous_13)
FNDA:0,(anonymous_14)
FNDA:0,(anonymous_15)
FNDA:0,(anonymous_16)
DA:1,0
DA:2,0
DA:3,0
DA:4,0
DA:8,0
DA:9,0
DA:10,0
DA:14,0
DA:18,0
DA:19,0
DA:21,0
DA:22,0
DA:25,0
DA:26,0
DA:27,0
DA:30,0
DA:31,0
DA:32,0
DA:34,0
DA:36,0
DA:37,0
DA:38,0
DA:41,0
DA:42,0
DA:43,0
DA:45,0
DA:50,0
DA:51,0
DA:52,0
DA:54,0
DA:56,0
DA:61,0
DA:63,0
DA:66,0
DA:67,0
DA:69,0
DA:70,0
DA:72,0
DA:77,0
DA:78,0
DA:79,0
DA:82,0
DA:85,0
DA:88,0
DA:93,0
DA:95,0
DA:97,0
DA:102,0
DA:103,0
DA:104,0
DA:105,0
DA:107,0
DA:108,0
DA:109,0
DA:111,0
DA:115,0
DA:116,0
DA:117,0
DA:118,0
DA:120,0
DA:125,0
DA:126,0
DA:127,0
DA:128,0
DA:129,0
DA:130,0
DA:132,0
DA:137,0
DA:138,0
DA:139,0
DA:140,0
DA:141,0
DA:142,0
DA:144,0
DA:149,0
DA:150,0
DA:152,0
DA:153,0
DA:157,0
DA:158,0
DA:160,0
DA:164,0
DA:165,0
DA:167,0
DA:168,0
DA:169,0
DA:176,0
DA:177,0
DA:178,0
DA:179,0
DA:185,0
DA:189,0
DA:190,0
DA:191,0
DA:193,0
DA:196,0
DA:204,0
DA:205,0
DA:209,0
DA:210,0
DA:212,0
DA:216,0
DA:217,0
DA:218,0
DA:219,0
DA:229,0
DA:230,0
DA:232,0
DA:233,0
DA:234,0
DA:240,0
DA:242,0
DA:243,0
DA:244,0
DA:250,0
DA:251,0
DA:252,0
DA:254,0
DA:255,0
DA:258,0
DA:259,0
DA:260,0
DA:264,0
DA:265,0
DA:266,0
DA:272,0
DA:276,0
DA:277,0
DA:278,0
DA:280,0
DA:283,0
DA:290,0
LF:132
LH:0
BRDA:10,0,0,0
BRDA:10,0,1,0
BRDA:26,1,0,0
BRDA:26,1,1,0
BRDA:32,2,0,0
BRDA:32,2,1,0
BRDA:34,3,0,0
BRDA:34,3,1,0
BRDA:34,3,2,0
BRDA:34,3,3,0
BRDA:34,3,4,0
BRDA:36,4,0,0
BRDA:36,4,1,0
BRDA:36,4,2,0
BRDA:36,4,3,0
BRDA:36,4,4,0
BRDA:37,5,0,0
BRDA:37,5,1,0
BRDA:37,6,0,0
BRDA:37,6,1,0
BRDA:42,7,0,0
BRDA:42,7,1,0
BRDA:45,8,0,0
BRDA:45,8,1,0
BRDA:52,9,0,0
BRDA:52,9,1,0
BRDA:52,10,0,0
BRDA:52,10,1,0
BRDA:54,11,0,0
BRDA:54,11,1,0
BRDA:56,12,0,0
BRDA:56,12,1,0
BRDA:56,12,2,0
BRDA:56,12,3,0
BRDA:56,12,4,0
BRDA:56,12,5,0
BRDA:56,12,6,0
BRDA:56,12,7,0
BRDA:56,12,8,0
BRDA:58,13,0,0
BRDA:58,13,1,0
BRDA:59,14,0,0
BRDA:59,14,1,0
BRDA:61,15,0,0
BRDA:61,15,1,0
BRDA:61,15,2,0
BRDA:61,15,3,0
BRDA:61,15,4,0
BRDA:63,16,0,0
BRDA:63,16,1,0
BRDA:66,17,0,0
BRDA:66,17,1,0
BRDA:66,17,2,0
BRDA:66,17,3,0
BRDA:66,17,4,0
BRDA:67,18,0,0
BRDA:67,18,1,0
BRDA:67,18,2,0
BRDA:69,19,0,0
BRDA:69,19,1,0
BRDA:69,20,0,0
BRDA:69,20,1,0
BRDA:79,21,0,0
BRDA:79,21,1,0
BRDA:79,22,0,0
BRDA:79,22,1,0
BRDA:85,23,0,0
BRDA:85,23,1,0
BRDA:85,23,2,0
BRDA:85,23,3,0
BRDA:85,23,4,0
BRDA:90,24,0,0
BRDA:90,24,1,0
BRDA:90,24,2,0
BRDA:90,24,3,0
BRDA:90,24,4,0
BRDA:91,25,0,0
BRDA:91,25,1,0
BRDA:91,25,2,0
BRDA:102,26,0,0
BRDA:102,26,1,0
BRDA:105,27,0,0
BRDA:105,27,1,0
BRDA:108,28,0,0
BRDA:108,28,1,0
BRDA:115,29,0,0
BRDA:115,29,1,0
BRDA:125,30,0,0
BRDA:125,30,1,0
BRDA:126,31,0,0
BRDA:126,31,1,0
BRDA:137,32,0,0
BRDA:137,32,1,0
BRDA:138,33,0,0
BRDA:138,33,1,0
BRDA:152,34,0,0
BRDA:152,34,1,0
BRDA:171,35,0,0
BRDA:171,35,1,0
BRDA:176,36,0,0
BRDA:176,36,1,0
BRDA:190,37,0,0
BRDA:190,37,1,0
BRDA:191,38,0,0
BRDA:191,38,1,0
BRDA:198,39,0,0
BRDA:198,39,1,0
BRDA:203,40,0,0
BRDA:203,41,0,0
BRDA:203,42,0,0
BRDA:204,43,0,0
BRDA:204,43,1,0
BRDA:218,44,0,0
BRDA:218,44,1,0
BRDA:218,45,0,0
BRDA:218,45,1,0
BRDA:221,46,0,0
BRDA:221,46,1,0
BRDA:236,47,0,0
BRDA:236,47,1,0
BRDA:240,48,0,0
BRDA:240,48,1,0
BRDA:242,49,0,0
BRDA:242,49,1,0
BRDA:255,50,0,0
BRDA:255,50,1,0
BRDA:277,51,0,0
BRDA:277,51,1,0
BRDA:278,52,0,0
BRDA:278,52,1,0
BRDA:285,53,0,0
BRDA:285,53,1,0
BRF:132
BRH:0
end_of_record
TN:
SF:src\main\bookmarkStore.js
FN:13,(anonymous_0)
FN:16,(anonymous_1)
FN:21,(anonymous_2)
FN:36,(anonymous_3)
FN:44,(anonymous_4)
FN:63,(anonymous_5)
FN:66,(anonymous_6)
FN:77,(anonymous_7)
FN:82,(anonymous_8)
FN:85,(anonymous_9)
FN:109,(anonymous_10)
FN:113,(anonymous_11)
FN:119,(anonymous_12)
FN:137,(anonymous_13)
FN:141,(anonymous_14)
FN:151,(anonymous_15)
FN:157,(anonymous_16)
FNF:17
FNH:0
FNDA:0,(anonymous_0)
FNDA:0,(anonymous_1)
FNDA:0,(anonymous_2)
FNDA:0,(anonymous_3)
FNDA:0,(anonymous_4)
FNDA:0,(anonymous_5)
FNDA:0,(anonymous_6)
FNDA:0,(anonymous_7)
FNDA:0,(anonymous_8)
FNDA:0,(anonymous_9)
FNDA:0,(anonymous_10)
FNDA:0,(anonymous_11)
FNDA:0,(anonymous_12)
FNDA:0,(anonymous_13)
FNDA:0,(anonymous_14)
FNDA:0,(anonymous_15)
FNDA:0,(anonymous_16)
DA:6,0
DA:7,0
DA:8,0
DA:10,0
DA:11,0
DA:12,0
DA:13,0
DA:17,0
DA:18,0
DA:22,0
DA:23,0
DA:24,0
DA:25,0
DA:26,0
DA:27,0
DA:28,0
DA:32,0
DA:37,0
DA:38,0
DA:45,0
DA:46,0
DA:47,0
DA:50,0
DA:51,0
DA:64,0
DA:65,0
DA:66,0
DA:67,0
DA:69,0
DA:70,0
DA:71,0
DA:73,0
DA:74,0
DA:78,0
DA:79,0
DA:80,0
DA:81,0
DA:82,0
DA:84,0
DA:85,0
DA:88,0
DA:89,0
DA:95,0
DA:96,0
DA:97,0
DA:98,0
DA:100,0
DA:101,0
DA:102,0
DA:104,0
DA:105,0
DA:110,0
DA:111,0
DA:112,0
DA:113,0
DA:114,0
DA:115,0
DA:116,0
DA:118,0
DA:119,0
DA:120,0
DA:121,0
DA:123,0
DA:124,0
DA:125,0
DA:127,0
DA:129,0
DA:131,0
DA:132,0
DA:133,0
DA:138,0
DA:139,0
DA:141,0
DA:142,0
DA:143,0
DA:144,0
DA:146,0
DA:147,0
DA:152,0
DA:153,0
DA:158,0
DA:162,0
LF:82
LH:0
BRDA:24,0,0,0
BRDA:24,0,1,0
BRDA:27,1,0,0
BRDA:27,1,1,0
BRDA:44,2,0,0
BRDA:45,3,0,0
BRDA:45,3,1,0
BRDA:46,4,0,0
BRDA:46,4,1,0
BRDA:47,5,0,0
BRDA:47,5,1,0
BRDA:47,6,0,0
BRDA:47,6,1,0
BRDA:50,7,0,0
BRDA:50,7,1,0
BRDA:50,7,2,0
BRDA:52,8,0,0
BRDA:52,8,1,0
BRDA:56,9,0,0
BRDA:56,9,1,0
BRDA:56,9,2,0
BRDA:58,10,0,0
BRDA:58,10,1,0
BRDA:65,11,0,0
BRDA:65,11,1,0
BRDA:66,12,0,0
BRDA:66,12,1,0
BRDA:66,13,0,0
BRDA:66,13,1,0
BRDA:70,14,0,0
BRDA:70,14,1,0
BRDA:79,15,0,0
BRDA:79,15,1,0
BRDA:81,16,0,0
BRDA:81,16,1,0
BRDA:85,17,0,0
BRDA:85,17,1,0
BRDA:88,18,0,0
BRDA:88,18,1,0
BRDA:101,19,0,0
BRDA:101,19,1,0
BRDA:110,20,0,0
BRDA:110,20,1,0
BRDA:112,21,0,0
BRDA:112,21,1,0
BRDA:115,22,0,0
BRDA:115,22,1,0
BRDA:120,23,0,0
BRDA:120,23,1,0
BRDA:120,24,0,0
BRDA:120,24,1,0
BRDA:123,25,0,0
BRDA:123,25,1,0
BRDA:124,26,0,0
BRDA:124,26,1,0
BRDA:125,27,0,0
BRDA:125,27,1,0
BRDA:132,28,0,0
BRDA:132,28,1,0
BRDA:138,29,0,0
BRDA:138,29,1,0
BRDA:138,30,0,0
BRDA:138,30,1,0
BRDA:142,31,0,0
BRDA:142,31,1,0
BRDA:144,32,0,0
BRDA:144,32,1,0
BRF:67
BRH:0
end_of_record
TN:
SF:src\main\credentialRegistry.js
FN:16,(anonymous_0)
FN:32,(anonymous_1)
FN:39,readRegistry
FN:54,writeRegistry
FN:59,(anonymous_4)
FN:61,listAll
FN:71,list
FN:78,get
FN:82,(anonymous_8)
FN:85,upsert
FN:105,(anonymous_10)
FN:122,(anonymous_11)
FN:133,(anonymous_12)
FN:143,remove
FN:148,(anonymous_14)
FN:157,clearAll
FNF:16
FNH:0
FNDA:0,(anonymous_0)
FNDA:0,(anonymous_1)
FNDA:0,readRegistry
FNDA:0,writeRegistry
FNDA:0,(anonymous_4)
FNDA:0,listAll
FNDA:0,list
FNDA:0,get
FNDA:0,(anonymous_8)
FNDA:0,upsert
FNDA:0,(anonymous_10)
FNDA:0,(anonymous_11)
FNDA:0,(anonymous_12)
FNDA:0,remove
FNDA:0,(anonymous_14)
FNDA:0,clearAll
DA:1,0
DA:2,0
DA:3,0
DA:8,0
DA:9,0
DA:12,0
DA:17,0
DA:18,0
DA:19,0
DA:23,0
DA:25,0
DA:32,0
DA:33,0
DA:34,0
DA:36,0
DA:40,0
DA:41,0
DA:42,0
DA:43,0
DA:50,0
DA:55,0
DA:56,0
DA:59,0
DA:62,0
DA:63,0
DA:72,0
DA:73,0
DA:74,0
DA:75,0
DA:79,0
DA:80,0
DA:81,0
DA:82,0
DA:86,0
DA:87,0
DA:88,0
DA:90,0
DA:91,0
DA:98,0
DA:99,0
DA:100,0
DA:103,0
DA:104,0
DA:106,0
DA:109,0
DA:110,0
DA:111,0
DA:112,0
DA:116,0
DA:117,0
DA:120,0
DA:121,0
DA:123,0
DA:126,0
DA:127,0
DA:128,0
DA:129,0
DA:133,0
DA:134,0
DA:135,0
DA:137,0
DA:139,0
DA:140,0
DA:144,0
DA:145,0
DA:146,0
DA:147,0
DA:148,0
DA:149,0
DA:150,0
DA:152,0
DA:153,0
DA:154,0
DA:158,0
DA:161,0
LF:75
LH:0
BRDA:13,0,0,0
BRDA:13,0,1,0
BRDA:13,1,0,0
BRDA:13,1,1,0
BRDA:17,2,0,0
BRDA:17,2,1,0
BRDA:18,3,0,0
BRDA:18,3,1,0
BRDA:33,4,0,0
BRDA:33,4,1,0
BRDA:33,5,0,0
BRDA:33,5,1,0
BRDA:33,5,2,0
BRDA:33,5,3,0
BRDA:44,6,0,0
BRDA:44,6,1,0
BRDA:45,7,0,0
BRDA:45,7,1,0
BRDA:46,8,0,0
BRDA:46,8,1,0
BRDA:47,9,0,0
BRDA:47,9,1,0
BRDA:59,10,0,0
BRDA:74,11,0,0
BRDA:74,11,1,0
BRDA:81,12,0,0
BRDA:81,12,1,0
BRDA:81,13,0,0
BRDA:81,13,1,0
BRDA:82,14,0,0
BRDA:82,14,1,0
BRDA:85,15,0,0
BRDA:87,16,0,0
BRDA:87,16,1,0
BRDA:94,17,0,0
BRDA:94,17,1,0
BRDA:96,18,0,0
BRDA:96,18,1,0
BRDA:99,19,0,0
BRDA:99,19,1,0
BRDA:100,20,0,0
BRDA:100,20,1,0
BRDA:100,20,2,0
BRDA:103,21,0,0
BRDA:103,21,1,0
BRDA:106,22,0,0
BRDA:106,22,1,0
BRDA:107,23,0,0
BRDA:107,23,1,0
BRDA:107,23,2,0
BRDA:109,24,0,0
BRDA:109,24,1,0
BRDA:110,25,0,0
BRDA:110,25,1,0
BRDA:116,26,0,0
BRDA:116,26,1,0
BRDA:117,27,0,0
BRDA:117,27,1,0
BRDA:117,27,2,0
BRDA:120,28,0,0
BRDA:120,28,1,0
BRDA:123,29,0,0
BRDA:123,29,1,0
BRDA:124,30,0,0
BRDA:124,30,1,0
BRDA:124,30,2,0
BRDA:126,31,0,0
BRDA:126,31,1,0
BRDA:127,32,0,0
BRDA:127,32,1,0
BRDA:134,33,0,0
BRDA:134,33,1,0
BRDA:145,34,0,0
BRDA:145,34,1,0
BRDA:145,35,0,0
BRDA:145,35,1,0
BRDA:149,36,0,0
BRDA:149,36,1,0
BRF:78
BRH:0
end_of_record
TN:
SF:src\main\credentialStore.js
FN:51,(anonymous_0)
FN:53,loadConfig
FN:72,saveConfig
FN:102,(anonymous_3)
FN:108,(anonymous_4)
FN:135,(anonymous_5)
FN:162,(anonymous_6)
FN:196,(anonymous_7)
FN:200,(anonymous_8)
FN:203,(anonymous_9)
FN:204,(anonymous_10)
FN:209,(anonymous_11)
FN:213,(anonymous_12)
FN:232,testConnection
FNF:14
FNH:5
FNDA:0,(anonymous_0)
FNDA:0,loadConfig
FNDA:0,saveConfig
FNDA:8,(anonymous_3)
FNDA:4,(anonymous_4)
FNDA:3,(anonymous_5)
FNDA:1,(anonymous_6)
FNDA:0,(anonymous_7)
FNDA:0,(anonymous_8)
FNDA:0,(anonymous_9)
FNDA:0,(anonymous_10)
FNDA:0,(anonymous_11)
FNDA:0,(anonymous_12)
FNDA:10,testConnection
DA:1,6
DA:2,6
DA:3,6
DA:4,6
DA:5,6
DA:6,6
DA:8,6
DA:9,6
DA:10,6
DA:12,6
DA:51,6
DA:54,0
DA:55,0
DA:56,0
DA:57,0
DA:58,0
DA:67,0
DA:68,0
DA:73,0
DA:74,0
DA:88,0
DA:89,0
DA:91,0
DA:92,0
DA:93,0
DA:95,0
DA:99,0
DA:102,6
DA:103,8
DA:104,8
DA:107,6
DA:109,4
DA:110,4
DA:111,4
DA:112,4
DA:119,4
DA:128,4
DA:129,4
DA:130,4
DA:132,4
DA:136,3
DA:137,3
DA:138,3
DA:139,3
DA:146,3
DA:155,3
DA:156,3
DA:157,3
DA:159,3
DA:163,1
DA:164,1
DA:165,1
DA:166,1
DA:167,1
DA:174,1
DA:175,1
DA:176,1
DA:177,1
DA:178,1
DA:179,1
DA:180,1
DA:196,1
DA:197,1
DA:201,0
DA:202,0
DA:203,0
DA:204,0
DA:205,0
DA:206,0
DA:207,0
DA:209,0
DA:214,0
DA:216,0
DA:217,0
DA:218,0
DA:219,0
DA:220,0
DA:223,0
DA:224,0
DA:225,0
DA:227,0
DA:233,10
DA:234,10
DA:236,10
DA:245,10
DA:246,1
DA:249,9
DA:250,9
DA:251,1
DA:254,8
DA:255,8
DA:266,8
DA:267,8
DA:269,0
DA:270,0
DA:274,6
LF:96
LH:60
BRDA:61,0,0,0
BRDA:61,0,1,0
BRDA:62,1,0,0
BRDA:62,1,1,0
BRDA:63,2,0,0
BRDA:63,2,1,0
BRDA:64,3,0,0
BRDA:64,3,1,0
BRDA:68,4,0,0
BRDA:68,4,1,0
BRDA:72,5,0,0
BRDA:73,6,0,0
BRDA:73,6,1,0
BRDA:75,7,0,0
BRDA:75,7,1,0
BRDA:75,7,2,0
BRDA:76,8,0,0
BRDA:76,8,1,0
BRDA:76,8,2,0
BRDA:77,9,0,0
BRDA:77,9,1,0
BRDA:77,9,2,0
BRDA:78,10,0,0
BRDA:78,10,1,0
BRDA:79,11,0,0
BRDA:79,11,1,0
BRDA:80,12,0,0
BRDA:80,12,1,0
BRDA:81,13,0,0
BRDA:81,13,1,0
BRDA:82,14,0,0
BRDA:82,14,1,0
BRDA:83,15,0,0
BRDA:83,15,1,0
BRDA:84,16,0,0
BRDA:84,16,1,0
BRDA:85,17,0,0
BRDA:85,17,1,0
BRDA:91,18,0,0
BRDA:91,18,1,0
BRDA:92,19,0,0
BRDA:92,19,1,0
BRDA:99,20,0,0
BRDA:99,20,1,0
BRDA:104,21,0,8
BRDA:104,21,1,0
BRDA:104,22,0,8
BRDA:104,22,1,8
BRDA:111,23,0,1
BRDA:111,23,1,3
BRDA:111,24,0,1
BRDA:111,24,1,0
BRDA:113,25,0,4
BRDA:113,25,1,4
BRDA:114,26,0,4
BRDA:114,26,1,4
BRDA:138,27,0,1
BRDA:138,27,1,2
BRDA:138,28,0,1
BRDA:138,28,1,0
BRDA:140,29,0,3
BRDA:140,29,1,3
BRDA:141,30,0,3
BRDA:141,30,1,3
BRDA:165,31,0,0
BRDA:165,31,1,1
BRDA:165,32,0,0
BRDA:165,32,1,0
BRDA:168,33,0,1
BRDA:168,33,1,1
BRDA:169,34,0,1
BRDA:169,34,1,1
BRDA:175,35,0,0
BRDA:175,35,1,1
BRDA:176,36,0,0
BRDA:176,36,1,1
BRDA:177,37,0,0
BRDA:177,37,1,1
BRDA:188,38,0,1
BRDA:188,38,1,0
BRDA:189,39,0,1
BRDA:189,39,1,0
BRDA:189,39,2,0
BRDA:190,40,0,0
BRDA:190,40,1,1
BRDA:202,41,0,0
BRDA:202,41,1,0
BRDA:205,42,0,0
BRDA:205,42,1,0
BRDA:209,43,0,0
BRDA:209,43,1,0
BRDA:216,44,0,0
BRDA:216,44,1,0
BRDA:216,45,0,0
BRDA:216,45,1,0
BRDA:217,46,0,0
BRDA:217,46,1,0
BRDA:218,47,0,0
BRDA:218,47,1,0
BRDA:225,48,0,0
BRDA:225,48,1,0
BRDA:232,49,0,0
BRDA:233,50,0,10
BRDA:233,50,1,0
BRDA:234,51,0,10
BRDA:234,51,1,1
BRDA:237,52,0,10
BRDA:237,52,1,1
BRDA:238,53,0,10
BRDA:238,53,1,2
BRDA:239,54,0,10
BRDA:239,54,1,2
BRDA:240,55,0,10
BRDA:240,55,1,2
BRDA:241,56,0,10
BRDA:241,56,1,2
BRDA:242,57,0,10
BRDA:242,57,1,10
BRDA:242,57,2,10
BRDA:245,58,0,1
BRDA:245,58,1,9
BRDA:250,59,0,1
BRDA:250,59,1,8
BRDA:270,60,0,0
BRDA:270,60,1,0
BRF:125
BRH:48
end_of_record
TN:
SF:src\main\githubStore.js
FN:22,loadConfig
FN:32,saveConfig
FN:40,clearConfig
FNF:3
FNH:0
FNDA:0,loadConfig
FNDA:0,saveConfig
FNDA:0,clearConfig
DA:5,0
DA:6,0
DA:7,0
DA:9,0
DA:11,0
DA:23,0
DA:24,0
DA:25,0
DA:27,0
DA:33,0
DA:34,0
DA:35,0
DA:36,0
DA:41,0
DA:44,0
LF:15
LH:0
BRDA:32,0,0,0
BRF:1
BRH:0
end_of_record
TN:
SF:src\main\historyStore.js
FN:10,(anonymous_0)
FN:13,(anonymous_1)
FN:18,(anonymous_2)
FN:33,(anonymous_3)
FN:42,(anonymous_4)
FN:75,(anonymous_5)
FN:80,(anonymous_6)
FNF:7
FNH:0
FNDA:0,(anonymous_0)
FNDA:0,(anonymous_1)
FNDA:0,(anonymous_2)
FNDA:0,(anonymous_3)
FNDA:0,(anonymous_4)
FNDA:0,(anonymous_5)
FNDA:0,(anonymous_6)
DA:5,0
DA:6,0
DA:7,0
DA:9,0
DA:10,0
DA:14,0
DA:15,0
DA:19,0
DA:20,0
DA:21,0
DA:22,0
DA:23,0
DA:24,0
DA:25,0
DA:29,0
DA:34,0
DA:35,0
DA:43,0
DA:44,0
DA:48,0
DA:49,0
DA:53,0
DA:54,0
DA:57,0
DA:65,0
DA:67,0
DA:68,0
DA:71,0
DA:76,0
DA:81,0
DA:82,0
DA:86,0
LF:32
LH:0
BRDA:21,0,0,0
BRDA:21,0,1,0
BRDA:24,1,0,0
BRDA:24,1,1,0
BRDA:43,2,0,0
BRDA:43,2,1,0
BRDA:43,3,0,0
BRDA:43,3,1,0
BRDA:48,4,0,0
BRDA:48,4,1,0
BRDA:53,5,0,0
BRDA:53,5,1,0
BRDA:53,6,0,0
BRDA:53,6,1,0
BRDA:60,7,0,0
BRDA:60,7,1,0
BRDA:62,8,0,0
BRDA:62,8,1,0
BRDA:67,9,0,0
BRDA:67,9,1,0
BRF:20
BRH:0
end_of_record
TN:
SF:src\main\inputFormatter.js
FN:10,(anonymous_0)
FNF:1
FNH:0
FNDA:0,(anonymous_0)
DA:5,0
DA:6,0
DA:8,0
DA:10,0
DA:11,0
DA:12,0
DA:15,0
DA:16,0
DA:17,0
DA:20,0
DA:22,0
DA:24,0
DA:27,0
DA:29,0
DA:30,0
DA:31,0
DA:34,0
DA:38,0
LF:18
LH:0
BRDA:10,0,0,0
BRDA:11,1,0,0
BRDA:11,1,1,0
BRDA:16,2,0,0
BRDA:16,2,1,0
BRDA:16,3,0,0
BRDA:16,3,1,0
BRDA:16,3,2,0
BRDA:22,4,0,0
BRDA:22,4,1,0
BRDA:22,5,0,0
BRDA:22,5,1,0
BRDA:27,6,0,0
BRDA:27,6,1,0
BRF:14
BRH:0
end_of_record
TN:
SF:src\main\messageHandler.js
FN:10,buildPayload
FN:19,handleExternalMessage
FN:48,(anonymous_2)
FN:82,(anonymous_3)
FNF:4
FNH:0
FNDA:0,buildPayload
FNDA:0,handleExternalMessage
FNDA:0,(anonymous_2)
FNDA:0,(anonymous_3)
DA:2,0
DA:3,0
DA:4,0
DA:7,0
DA:11,0
DA:20,0
DA:22,0
DA:26,0
DA:28,0
DA:29,0
DA:31,0
DA:33,0
DA:34,0
DA:35,0
DA:36,0
DA:37,0
DA:38,0
DA:39,0
DA:41,0
DA:44,0
DA:45,0
DA:48,0
DA:49,0
DA:50,0
DA:51,0
DA:54,0
DA:55,0
DA:56,0
DA:57,0
DA:58,0
DA:59,0
DA:65,0
DA:68,0
DA:69,0
DA:70,0
DA:71,0
DA:72,0
DA:74,0
DA:75,0
DA:76,0
DA:77,0
DA:79,0
DA:80,0
DA:82,0
DA:83,0
DA:86,0
DA:87,0
DA:90,0
DA:91,0
DA:92,0
DA:93,0
DA:96,0
DA:101,0
DA:105,0
DA:106,0
DA:108,0
DA:109,0
DA:117,0
DA:118,0
DA:119,0
DA:120,0
DA:122,0
DA:123,0
DA:125,0
DA:133,0
DA:134,0
DA:135,0
DA:136,0
DA:138,0
DA:139,0
DA:141,0
DA:142,0
DA:143,0
DA:144,0
DA:150,0
DA:159,0
DA:161,0
DA:169,0
DA:170,0
DA:171,0
DA:172,0
DA:176,0
DA:177,0
DA:178,0
DA:180,0
DA:196,0
DA:198,0
DA:200,0
DA:203,0
DA:204,0
DA:205,0
DA:206,0
DA:207,0
DA:208,0
DA:210,0
DA:211,0
DA:212,0
DA:213,0
DA:214,0
DA:215,0
DA:220,0
DA:222,0
DA:223,0
DA:226,0
DA:236,0
DA:239,0
DA:241,0
DA:245,0
LF:108
LH:0
BRDA:12,0,0,0
BRDA:12,0,1,0
BRDA:13,1,0,0
BRDA:13,1,1,0
BRDA:14,2,0,0
BRDA:14,2,1,0
BRDA:15,3,0,0
BRDA:15,3,1,0
BRDA:19,4,0,0
BRDA:20,5,0,0
BRDA:20,5,1,0
BRDA:24,6,0,0
BRDA:24,6,1,0
BRDA:29,7,0,0
BRDA:29,7,1,0
BRDA:31,8,0,0
BRDA:31,8,1,0
BRDA:33,9,0,0
BRDA:33,9,1,0
BRDA:33,10,0,0
BRDA:33,10,1,0
BRDA:41,11,0,0
BRDA:41,11,1,0
BRDA:49,12,0,0
BRDA:49,12,1,0
BRDA:55,13,0,0
BRDA:55,13,1,0
BRDA:56,14,0,0
BRDA:56,14,1,0
BRDA:58,15,0,0
BRDA:58,15,1,0
BRDA:68,16,0,0
BRDA:68,16,1,0
BRDA:70,17,0,0
BRDA:70,17,1,0
BRDA:70,18,0,0
BRDA:70,18,1,0
BRDA:77,19,0,0
BRDA:77,19,1,0
BRDA:82,20,0,0
BRDA:82,20,1,0
BRDA:83,21,0,0
BRDA:83,21,1,0
BRDA:90,22,0,0
BRDA:90,22,1,0
BRDA:96,23,0,0
BRDA:96,23,1,0
BRDA:96,23,2,0
BRDA:96,23,3,0
BRDA:96,23,4,0
BRDA:103,24,0,0
BRDA:103,24,1,0
BRDA:108,25,0,0
BRDA:108,25,1,0
BRDA:111,26,0,0
BRDA:111,26,1,0
BRDA:117,27,0,0
BRDA:117,27,1,0
BRDA:127,28,0,0
BRDA:127,28,1,0
BRDA:133,29,0,0
BRDA:133,29,1,0
BRDA:154,30,0,0
BRDA:154,30,1,0
BRDA:163,31,0,0
BRDA:163,31,1,0
BRDA:171,32,0,0
BRDA:171,32,1,0
BRDA:176,33,0,0
BRDA:176,33,1,0
BRDA:180,34,0,0
BRDA:180,34,1,0
BRDA:181,35,0,0
BRDA:181,35,1,0
BRDA:181,35,2,0
BRDA:181,35,3,0
BRDA:181,35,4,0
BRDA:181,35,5,0
BRDA:181,35,6,0
BRDA:181,35,7,0
BRDA:181,35,8,0
BRDA:181,35,9,0
BRDA:181,35,10,0
BRDA:181,35,11,0
BRDA:181,35,12,0
BRDA:181,35,13,0
BRDA:203,36,0,0
BRDA:203,36,1,0
BRDA:204,37,0,0
BRDA:204,37,1,0
BRDA:204,37,2,0
BRDA:205,38,0,0
BRDA:205,38,1,0
BRDA:210,39,0,0
BRDA:210,39,1,0
BRDA:226,40,0,0
BRDA:226,40,1,0
BRDA:227,41,0,0
BRDA:227,41,1,0
BRDA:227,41,2,0
BRDA:227,41,3,0
BRDA:227,41,4,0
BRDA:227,41,5,0
BRDA:227,41,6,0
BRDA:227,41,7,0
BRF:105
BRH:0
end_of_record
TN:
SF:src\main\themeStore.js
FN:5,(anonymous_0)
FN:10,readThemeFile
FN:23,writeThemeFile
FNF:3
FNH:0
FNDA:0,(anonymous_0)
FNDA:0,readThemeFile
FNDA:0,writeThemeFile
DA:1,0
DA:2,0
DA:3,0
DA:5,0
DA:6,0
DA:11,0
DA:12,0
DA:13,0
DA:14,0
DA:19,0
DA:24,0
DA:25,0
DA:26,0
DA:27,0
DA:30,0
LF:15
LH:0
BRDA:23,0,0,0
BRF:1
BRH:0
end_of_record
TN:
SF:src\main\connectors\ConnectorFactory.js
FN:11,(anonymous_0)
FNF:1
FNH:0
FNDA:0,(anonymous_0)
DA:1,0
DA:2,0
DA:3,0
DA:4,0
DA:5,0
DA:6,0
DA:7,0
DA:8,0
DA:12,0
DA:13,0
DA:15,0
DA:17,0
DA:19,0
DA:21,0
DA:23,0
DA:31,0
DA:33,0
DA:39,0
DA:41,0
DA:46,0
LF:20
LH:0
BRDA:12,0,0,0
BRDA:12,0,1,0
BRDA:13,1,0,0
BRDA:13,1,1,0
BRDA:13,1,2,0
BRDA:13,1,3,0
BRDA:13,1,4,0
BRDA:13,1,5,0
BRDA:13,1,6,0
BRDA:13,1,7,0
BRDA:13,1,8,0
BRDA:13,1,9,0
BRDA:13,1,10,0
BRDA:13,1,11,0
BRDA:13,1,12,0
BRDA:13,1,13,0
BRDA:13,1,14,0
BRDA:13,1,15,0
BRDA:13,1,16,0
BRDA:13,1,17,0
BRDA:13,1,18,0
BRF:21
BRH:0
end_of_record
TN:
SF:src\main\connectors\LocalConfigConnector.js
FN:5,(anonymous_0)
FNF:1
FNH:0
FNDA:0,(anonymous_0)
DA:1,0
DA:2,0
DA:6,0
DA:7,0
DA:9,0
DA:11,0
DA:14,0
DA:17,0
DA:20,0
DA:23,0
DA:26,0
DA:31,0
LF:12
LH:0
BRDA:7,0,0,0
BRDA:7,0,1,0
BRDA:9,1,0,0
BRDA:9,1,1,0
BRDA:9,1,2,0
BRDA:9,1,3,0
BRDA:9,1,4,0
BRDA:9,1,5,0
BRF:8
BRH:0
end_of_record
TN:
SF:src\main\connectors\helpers\connectionOptions.js
FN:8,(anonymous_0)
FN:22,(anonymous_1)
FN:39,(anonymous_2)
FN:40,(anonymous_3)
FN:42,(anonymous_4)
FN:48,(anonymous_5)
FN:60,(anonymous_6)
FN:65,(anonymous_7)
FN:77,(anonymous_8)
FN:80,(anonymous_9)
FN:99,(anonymous_10)
FN:113,(anonymous_11)
FN:117,(anonymous_12)
FN:135,(anonymous_13)
FNF:14
FNH:5
FNDA:21,(anonymous_0)
FNDA:8,(anonymous_1)
FNDA:0,(anonymous_2)
FNDA:0,(anonymous_3)
FNDA:0,(anonymous_4)
FNDA:0,(anonymous_5)
FNDA:0,(anonymous_6)
FNDA:0,(anonymous_7)
FNDA:0,(anonymous_8)
FNDA:0,(anonymous_9)
FNDA:3,(anonymous_10)
FNDA:3,(anonymous_11)
FNDA:0,(anonymous_12)
FNDA:3,(anonymous_13)
DA:1,2
DA:2,2
DA:3,2
DA:4,2
DA:5,2
DA:6,2
DA:8,2
DA:9,21
DA:10,21
DA:12,4
DA:13,4
DA:14,1
DA:19,3
DA:22,2
DA:23,8
DA:24,7
DA:25,7
DA:26,7
DA:28,7
DA:29,7
DA:31,7
DA:32,7
DA:33,7
DA:34,7
DA:35,7
DA:36,7
DA:39,2
DA:40,0
DA:41,0
DA:42,0
DA:43,0
DA:49,0
DA:50,0
DA:51,0
DA:52,0
DA:54,0
DA:55,0
DA:60,0
DA:61,0
DA:62,0
DA:66,0
DA:67,0
DA:69,0
DA:70,0
DA:76,0
DA:78,0
DA:81,0
DA:82,0
DA:83,0
DA:85,0
DA:99,2
DA:100,3
DA:101,3
DA:102,3
DA:103,3
DA:105,3
DA:106,0
DA:107,0
DA:110,3
DA:117,2
DA:118,0
DA:127,0
DA:132,0
DA:135,2
DA:136,3
DA:137,3
DA:138,3
DA:141,0
DA:142,0
DA:143,0
DA:144,0
DA:145,0
DA:147,0
DA:148,0
DA:151,0
DA:157,0
DA:160,2
LF:77
LH:40
BRDA:8,0,0,17
BRDA:9,1,0,21
BRDA:9,1,1,17
BRDA:10,2,0,17
BRDA:10,2,1,4
BRDA:13,3,0,1
BRDA:13,3,1,3
BRDA:13,4,0,4
BRDA:13,4,1,1
BRDA:22,5,0,0
BRDA:23,6,0,1
BRDA:23,6,1,7
BRDA:28,7,0,4
BRDA:28,7,1,3
BRDA:29,8,0,7
BRDA:29,8,1,5
BRDA:29,8,2,5
BRDA:32,9,0,2
BRDA:32,9,1,5
BRDA:33,10,0,1
BRDA:33,10,1,6
BRDA:34,11,0,1
BRDA:34,11,1,6
BRDA:35,12,0,2
BRDA:35,12,1,5
BRDA:39,13,0,0
BRDA:49,14,0,0
BRDA:49,14,1,0
BRDA:89,15,0,0
BRDA:89,15,1,0
BRDA:91,16,0,0
BRDA:91,16,1,0
BRDA:92,17,0,0
BRDA:92,17,1,0
BRDA:93,18,0,0
BRDA:93,18,1,0
BRDA:99,19,0,0
BRDA:100,20,0,3
BRDA:100,20,1,3
BRDA:101,21,0,3
BRDA:101,21,1,3
BRDA:102,22,0,3
BRDA:102,22,1,3
BRDA:102,22,2,3
BRDA:103,23,0,3
BRDA:103,23,1,3
BRDA:103,23,2,3
BRDA:105,24,0,0
BRDA:105,24,1,3
BRDA:123,25,0,0
BRDA:123,25,1,0
BRDA:135,26,0,0
BRDA:136,27,0,3
BRDA:136,27,1,3
BRDA:137,28,0,3
BRDA:137,28,1,0
BRDA:141,29,0,0
BRDA:141,29,1,0
BRDA:142,30,0,0
BRDA:142,30,1,0
BRDA:142,30,2,0
BRDA:144,31,0,0
BRDA:144,31,1,0
BRDA:144,32,0,0
BRDA:144,32,1,0
BRDA:144,32,2,0
BRDA:147,33,0,0
BRDA:147,33,1,0
BRDA:147,34,0,0
BRDA:147,34,1,0
BRDA:147,34,2,0
BRF:71
BRH:38
end_of_record
